<?xml version="1.0" encoding="UTF-8"?>
<testsuite name="controller.PlayerControllerTest" tests="3" skipped="0" failures="0" errors="0" timestamp="2021-12-13T03:29:38" hostname="DESKTOP-82GFS1J" time="0.006">
  <properties/>
  <testcase name="moveLeft()" classname="controller.PlayerControllerTest" time="0.002"/>
  <testcase name="stop()" classname="controller.PlayerControllerTest" time="0.002"/>
  <testcase name="moveRight()" classname="controller.PlayerControllerTest" time="0.001"/>
  <system-out><![CDATA[]]></system-out>
  <system-err><![CDATA[]]></system-err>
</testsuite>
